c:\users\mikael\documents\project-flight-school\projectflightschool\graphics\release\vc120.pdb
c:\users\mikael\documents\project-flight-school\projectflightschool\graphics\release\graphics.obj
c:\users\xxxsn1p3rpr0xxx\documents\github\project-flight-school\projectflightschool\graphics\release\vc120.pdb
c:\users\xxxsn1p3rpr0xxx\documents\github\project-flight-school\projectflightschool\graphics\release\static3dasset.obj
c:\users\xxxsn1p3rpr0xxx\documents\github\project-flight-school\projectflightschool\graphics\release\graphics.obj
c:\users\xxxsn1p3rpr0xxx\documents\github\project-flight-school\projectflightschool\graphics\release\assetmanager.obj
c:\users\xxxsn1p3rpr0xxx\documents\github\project-flight-school\projectflightschool\graphics\release\assetbase.obj
c:\users\mikael\documents\project-flight-school\projectflightschool\projectflightschool\graphics.lib
c:\users\mikael\documents\project-flight-school\projectflightschool\projectflightschool\graphics.exp
c:\users\xxxsn1p3rpr0xxx\documents\github\project-flight-school\projectflightschool\projectflightschool\graphics.lib
c:\users\xxxsn1p3rpr0xxx\documents\github\project-flight-school\projectflightschool\projectflightschool\graphics.exp
c:\users\mikael\documents\project-flight-school\projectflightschool\projectflightschool\graphics.dll
c:\users\mikael\documents\project-flight-school\projectflightschool\projectflightschool\graphics.pdb
c:\users\xxxsn1p3rpr0xxx\documents\github\project-flight-school\projectflightschool\projectflightschool\graphics.dll
c:\users\xxxsn1p3rpr0xxx\documents\github\project-flight-school\projectflightschool\projectflightschool\graphics.pdb
c:\users\xxxsn1p3rpr0xxx\documents\github\project-flight-school\projectflightschool\graphics\release\graphics.tlog\cl.command.1.tlog
c:\users\xxxsn1p3rpr0xxx\documents\github\project-flight-school\projectflightschool\graphics\release\graphics.tlog\cl.read.1.tlog
c:\users\xxxsn1p3rpr0xxx\documents\github\project-flight-school\projectflightschool\graphics\release\graphics.tlog\cl.write.1.tlog
c:\users\xxxsn1p3rpr0xxx\documents\github\project-flight-school\projectflightschool\graphics\release\graphics.tlog\graphics.write.1u.tlog
c:\users\xxxsn1p3rpr0xxx\documents\github\project-flight-school\projectflightschool\graphics\release\graphics.tlog\link.command.1.tlog
c:\users\xxxsn1p3rpr0xxx\documents\github\project-flight-school\projectflightschool\graphics\release\graphics.tlog\link.read.1.tlog
c:\users\xxxsn1p3rpr0xxx\documents\github\project-flight-school\projectflightschool\graphics\release\graphics.tlog\link.write.1.tlog
