Build started 2014-11-17 15:36:29.
     1>Project "C:\Users\Mikael\Documents\Project-Flight-School\ProjectFlightSchool\Graphics\Graphics.vcxproj" on node 2 (Build target(s)).
     1>ClCompile:
         C:\Program Files (x86)\Microsoft Visual Studio 12.0\VC\bin\CL.exe /c /ZI /nologo /W3 /WX- /sdl /Od /Oy- /D WIN32 /D _DEBUG /D _WINDOWS /D _USRDLL /D GRAPHICS_EXPORTS /D _WINDLL /D _UNICODE /D UNICODE /Gm /EHsc /RTC1 /MDd /GS /fp:precise /Zc:wchar_t /Zc:forScope /Fo"Debug\\" /Fd"Debug\vc120.pdb" /Gd /TP /analyze- /errorReport:prompt Graphics.cpp
         Graphics.cpp
     1>c:\users\mikael\documents\project-flight-school\projectflightschool\graphics\graphics.cpp(6): warning C4273: 'Graphics::Graphics' : inconsistent dll linkage
                 c:\users\mikael\documents\project-flight-school\projectflightschool\graphics\graphics.h(29) : see previous definition of '{ctor}'
     1>c:\users\mikael\documents\project-flight-school\projectflightschool\graphics\graphics.cpp(11): warning C4273: 'Graphics::~Graphics' : inconsistent dll linkage
                 c:\users\mikael\documents\project-flight-school\projectflightschool\graphics\graphics.h(30) : see previous definition of '{dtor}'
     1>c:\users\mikael\documents\project-flight-school\projectflightschool\graphics\graphics.cpp(16): warning C4273: 'Graphics::Initialize' : inconsistent dll linkage
                 c:\users\mikael\documents\project-flight-school\projectflightschool\graphics\graphics.h(34) : see previous definition of 'Initialize'
     1>c:\users\mikael\documents\project-flight-school\projectflightschool\graphics\graphics.cpp(21): warning C4273: 'Graphics::Release' : inconsistent dll linkage
                 c:\users\mikael\documents\project-flight-school\projectflightschool\graphics\graphics.h(35) : see previous definition of 'Release'
     1>c:\users\mikael\documents\project-flight-school\projectflightschool\graphics\graphics.cpp(26): warning C4273: 'Graphics::GetInstance' : inconsistent dll linkage
                 c:\users\mikael\documents\project-flight-school\projectflightschool\graphics\graphics.h(36) : see previous definition of 'GetInstance'
       Link:
         C:\Program Files (x86)\Microsoft Visual Studio 12.0\VC\bin\link.exe /ERRORREPORT:PROMPT /OUT:"C:\Users\Mikael\Documents\Project-Flight-School\ProjectFlightSchool\ProjectFlightSchool\Graphics.dll" /INCREMENTAL /NOLOGO kernel32.lib user32.lib gdi32.lib winspool.lib comdlg32.lib advapi32.lib shell32.lib ole32.lib oleaut32.lib uuid.lib odbc32.lib odbccp32.lib /MANIFEST /MANIFESTUAC:"level='asInvoker' uiAccess='false'" /manifest:embed /DEBUG /PDB:"C:\Users\Mikael\Documents\Project-Flight-School\ProjectFlightSchool\ProjectFlightSchool\Graphics.pdb" /SUBSYSTEM:WINDOWS /TLBID:1 /DYNAMICBASE /NXCOMPAT /IMPLIB:"C:\Users\Mikael\Documents\Project-Flight-School\ProjectFlightSchool\ProjectFlightSchool\Graphics.lib" /MACHINE:X86 /DLL Debug\Graphics.obj
            Creating library C:\Users\Mikael\Documents\Project-Flight-School\ProjectFlightSchool\ProjectFlightSchool\Graphics.lib and object C:\Users\Mikael\Documents\Project-Flight-School\ProjectFlightSchool\ProjectFlightSchool\Graphics.exp
     1>Graphics.obj : error LNK2019: unresolved external symbol "__declspec(dllimport) const Graphics::`vftable'" (__imp_??_7Graphics@@6B@) referenced in function "private: __thiscall Graphics::Graphics(void)" (??0Graphics@@AAE@XZ)
     1>C:\Users\Mikael\Documents\Project-Flight-School\ProjectFlightSchool\ProjectFlightSchool\Graphics.dll : fatal error LNK1120: 1 unresolved externals
     1>Done Building Project "C:\Users\Mikael\Documents\Project-Flight-School\ProjectFlightSchool\Graphics\Graphics.vcxproj" (Build target(s)) -- FAILED.

Build FAILED.

Time Elapsed 00:00:00.68
