<<<<<<< HEAD
<<<<<<< HEAD
﻿Build started 2014-11-19 13:52:01.
     1>Project "C:\Users\luckman\Desktop\Flight-School-Project\ProjectFlightSchool\ProjectFlightSchool\ProjectFlightSchool.vcxproj" on node 2 (Rebuild target(s)).
     1>ClCompile:
         C:\Program Files (x86)\Microsoft Visual Studio 12.0\VC\bin\CL.exe /c /Zi /nologo /W3 /WX- /sdl /O2 /Oi /Oy- /GL /D WIN32 /D NDEBUG /D _WINDOWS /D _UNICODE /D UNICODE /Gm- /EHsc /MD /GS /Gy /fp:precise /Zc:wchar_t /Zc:forScope /Fo"Release\\" /Fd"Release\vc120.pdb" /Gd /TP /analyze- /errorReport:prompt Main.cpp System.cpp
         Main.cpp
         System.cpp
       Link:
         C:\Program Files (x86)\Microsoft Visual Studio 12.0\VC\bin\link.exe /ERRORREPORT:PROMPT /OUT:"C:\Users\luckman\Desktop\Flight-School-Project\ProjectFlightSchool\Release\ProjectFlightSchool.exe" /INCREMENTAL /NOLOGO Graphics.lib kernel32.lib user32.lib gdi32.lib winspool.lib comdlg32.lib advapi32.lib shell32.lib ole32.lib oleaut32.lib uuid.lib odbc32.lib odbccp32.lib /MANIFEST /MANIFESTUAC:"level='asInvoker' uiAccess='false'" /manifest:embed /DEBUG /PDB:"C:\Users\luckman\Desktop\Flight-School-Project\ProjectFlightSchool\Release\ProjectFlightSchool.pdb" /SUBSYSTEM:WINDOWS /OPT:REF /OPT:ICF /LTCG /TLBID:1 /DYNAMICBASE /NXCOMPAT /IMPLIB:"C:\Users\luckman\Desktop\Flight-School-Project\ProjectFlightSchool\Release\ProjectFlightSchool.lib" /MACHINE:X86 /SAFESEH Release\Main.obj
         Release\System.obj
     1>LINK : warning LNK4075: ignoring '/INCREMENTAL' due to '/LTCG' specification
         Generating code
         Finished generating code
         ProjectFlightSchool.vcxproj -> C:\Users\luckman\Desktop\Flight-School-Project\ProjectFlightSchool\Release\ProjectFlightSchool.exe
     1>Done Building Project "C:\Users\luckman\Desktop\Flight-School-Project\ProjectFlightSchool\ProjectFlightSchool\ProjectFlightSchool.vcxproj" (Rebuild target(s)).

Build succeeded.

Time Elapsed 00:00:01.59
=======
=======
>>>>>>> Development
﻿Build started 2014-11-20 11:34:01.
     1>Project "C:\Users\Mikael\Documents\Project-Flight-School\ProjectFlightSchool\ProjectFlightSchool\ProjectFlightSchool.vcxproj" on node 2 (Build target(s)).
     1>Link:
         ProjectFlightSchool.vcxproj -> C:\Users\Mikael\Documents\Project-Flight-School\ProjectFlightSchool\Release\ProjectFlightSchool.exe
     1>Done Building Project "C:\Users\Mikael\Documents\Project-Flight-School\ProjectFlightSchool\ProjectFlightSchool\ProjectFlightSchool.vcxproj" (Build target(s)).

Build succeeded.

Time Elapsed 00:00:00.15
<<<<<<< HEAD
>>>>>>> Development
=======
>>>>>>> Development
